<?xml version="1.0" encoding="UTF-8"?>
<testsuites>
  <testsuite name="fastlane.lanes">
    
    
    
      
      <testcase classname="fastlane.lanes" name="0: default_platform" time="0.000202">
        
      </testcase>
    
      
      <testcase classname="fastlane.lanes" name="1: test" time="5.992412">
        
          <failure message="/opt/homebrew/Cellar/fastlane/2.215.1/libexec/gems/fastlane-2.215.1/fastlane/lib/fastlane/actions/actions_helper.rb:67:in `execute_action&apos;&#10;/opt/homebrew/Cellar/fastlane/2.215.1/libexec/gems/fastlane-2.215.1/fastlane/lib/fastlane/runner.rb:255:in `block in execute_action&apos;&#10;/opt/homebrew/Cellar/fastlane/2.215.1/libexec/gems/fastlane-2.215.1/fastlane/lib/fastlane/runner.rb:229:in `chdir&apos;&#10;/opt/homebrew/Cellar/fastlane/2.215.1/libexec/gems/fastlane-2.215.1/fastlane/lib/fastlane/runner.rb:229:in `execute_action&apos;&#10;/opt/homebrew/Cellar/fastlane/2.215.1/libexec/gems/fastlane-2.215.1/fastlane/lib/fastlane/runner.rb:157:in `trigger_action_by_name&apos;&#10;/opt/homebrew/Cellar/fastlane/2.215.1/libexec/gems/fastlane-2.215.1/fastlane/lib/fastlane/fast_file.rb:159:in `method_missing&apos;&#10;Fastfile:25:in `block (2 levels) in parsing_binding&apos;&#10;/opt/homebrew/Cellar/fastlane/2.215.1/libexec/gems/fastlane-2.215.1/fastlane/lib/fastlane/lane.rb:33:in `call&apos;&#10;/opt/homebrew/Cellar/fastlane/2.215.1/libexec/gems/fastlane-2.215.1/fastlane/lib/fastlane/runner.rb:49:in `block in execute&apos;&#10;/opt/homebrew/Cellar/fastlane/2.215.1/libexec/gems/fastlane-2.215.1/fastlane/lib/fastlane/runner.rb:45:in `chdir&apos;&#10;/opt/homebrew/Cellar/fastlane/2.215.1/libexec/gems/fastlane-2.215.1/fastlane/lib/fastlane/runner.rb:45:in `execute&apos;&#10;/opt/homebrew/Cellar/fastlane/2.215.1/libexec/gems/fastlane-2.215.1/fastlane/lib/fastlane/lane_manager.rb:47:in `cruise_lane&apos;&#10;/opt/homebrew/Cellar/fastlane/2.215.1/libexec/gems/fastlane-2.215.1/fastlane/lib/fastlane/command_line_handler.rb:36:in `handle&apos;&#10;/opt/homebrew/Cellar/fastlane/2.215.1/libexec/gems/fastlane-2.215.1/fastlane/lib/fastlane/commands_generator.rb:110:in `block (2 levels) in run&apos;&#10;/opt/homebrew/Cellar/fastlane/2.215.1/libexec/gems/commander-4.6.0/lib/commander/command.rb:187:in `call&apos;&#10;/opt/homebrew/Cellar/fastlane/2.215.1/libexec/gems/commander-4.6.0/lib/commander/command.rb:157:in `run&apos;&#10;/opt/homebrew/Cellar/fastlane/2.215.1/libexec/gems/commander-4.6.0/lib/commander/runner.rb:444:in `run_active_command&apos;&#10;/opt/homebrew/Cellar/fastlane/2.215.1/libexec/gems/fastlane-2.215.1/fastlane_core/lib/fastlane_core/ui/fastlane_runner.rb:124:in `run!&apos;&#10;/opt/homebrew/Cellar/fastlane/2.215.1/libexec/gems/commander-4.6.0/lib/commander/delegates.rb:18:in `run!&apos;&#10;/opt/homebrew/Cellar/fastlane/2.215.1/libexec/gems/fastlane-2.215.1/fastlane/lib/fastlane/commands_generator.rb:354:in `run&apos;&#10;/opt/homebrew/Cellar/fastlane/2.215.1/libexec/gems/fastlane-2.215.1/fastlane/lib/fastlane/commands_generator.rb:43:in `start&apos;&#10;/opt/homebrew/Cellar/fastlane/2.215.1/libexec/gems/fastlane-2.215.1/fastlane/lib/fastlane/cli_tools_distributor.rb:123:in `take_off&apos;&#10;/opt/homebrew/Cellar/fastlane/2.215.1/libexec/gems/fastlane-2.215.1/bin/fastlane:23:in `&lt;top (required)&gt;&apos;&#10;/opt/homebrew/Cellar/fastlane/2.215.1/libexec/bin/fastlane:25:in `load&apos;&#10;/opt/homebrew/Cellar/fastlane/2.215.1/libexec/bin/fastlane:25:in `&lt;main&gt;&apos;&#10;&#10;Exit status of command &apos;/Users/andrew.yaakoub/Work/Rick-and-Morty/gradlew test -p .&apos; was 1 instead of 0.&#10;&#10;Welcome to Gradle 7.5!&#10;&#10;Here are the highlights of this release:&#10; - Support for Java 18&#10; - Support for building with Groovy 4&#10; - Much more responsive continuous builds&#10; - Improved diagnostics for dependency resolution&#10;&#10;For more details see https://docs.gradle.org/7.5/release-notes.html&#10;&#10;Starting a Gradle Daemon, 1 incompatible Daemon could not be reused, use --status for details&#10;WARNING:We recommend using a newer Android Gradle plugin to use compileSdk = 33&#10;&#10;This Android Gradle plugin (7.1.0) was tested up to compileSdk = 32&#10;&#10;This warning can be suppressed by adding&#10;    android.suppressUnsupportedCompileSdk=33&#10;to this project&apos;s gradle.properties&#10;&#10;The build will continue, but you are strongly encouraged to update your project to&#10;use a newer Android Gradle Plugin that has been tested with compileSdk = 33&#10;&gt; Task :app:preBuild UP-TO-DATE&#10;&gt; Task :app:preDebugBuild UP-TO-DATE&#10;&gt; Task :app:compileDebugAidl NO-SOURCE&#10;&gt; Task :app:compileDebugRenderscript NO-SOURCE&#10;&gt; Task :app:generateDebugBuildConfig&#10;&gt; Task :app:checkApolloVersions&#10;&gt; Task :app:generateServiceApolloSources FAILED&#10;&gt; Task :checkServiceApolloDuplicates&#10;&#10;FAILURE: Build failed with an exception.&#10;&#10;* What went wrong:&#10;Execution failed for task &apos;:app:generateServiceApolloSources&apos;.&#10;&gt; No schema file found in:&#10;  src/main/graphql&#10;&#10;* Try:&#10;&gt; Run with --stacktrace option to get the stack trace.&#10;&gt; Run with --info or --debug option to get more log output.&#10;&gt; Run with --scan to get full insights.&#10;&#10;* Get more help at https://help.gradle.org&#10;&#10;Deprecated Gradle features were used in this build, making it incompatible with Gradle 8.0.&#10;&#10;You can use &apos;--warning-mode all&apos; to show the individual deprecation warnings and determine if they come from your own scripts or plugins.&#10;&#10;See https://docs.gradle.org/7.5/userguide/command_line_interface.html#sec:command_line_warnings&#10;&#10;BUILD FAILED in 4s&#10;4 actionable tasks: 4 executed&#10;" />
        
      </testcase>
    
  </testsuite>
</testsuites>
